0 info it worked if it ends with ok
1 verbose cli [ '/usr/bin/nodejs', '/usr/bin/npm', 'start' ]
2 info using npm@3.5.2
3 info using node@v4.2.6
4 verbose run-script [ 'prestart', 'start', 'poststart' ]
5 info lifecycle todoit@0.1.0~prestart: todoit@0.1.0
6 silly lifecycle todoit@0.1.0~prestart: no script for prestart, continuing
7 info lifecycle todoit@0.1.0~start: todoit@0.1.0
8 verbose lifecycle todoit@0.1.0~start: unsafe-perm in lifecycle true
9 verbose lifecycle todoit@0.1.0~start: PATH: /usr/share/npm/bin/node-gyp-bin:/mnt/n/Proj/To_Do_List/todoit/node_modules/.bin:/home/seth/bin:/home/seth/.local/bin:/usr/local/sbin:/usr/local/bin:/usr/sbin:/usr/bin:/sbin:/bin:/usr/games:/usr/local/games:/mnt/c/ProgramData/DockerDesktop/version-bin:/mnt/c/Program Files/Docker/Docker/Resources/bin:/mnt/c/Python36/Scripts/:/mnt/c/Python36/:/mnt/c/ProgramData/Oracle/Java/javapath:/mnt/c/Program Files (x86)/NVIDIA Corporation/PhysX/Common:/mnt/c/WINDOWS/system32:/mnt/c/WINDOWS:/mnt/c/WINDOWS/System32/Wbem:/mnt/c/WINDOWS/System32/WindowsPowerShell/v1.0/:/mnt/c/Program Files (x86)/Skype/Phone/:/mnt/c/WINDOWS/System32/OpenSSH/:/mnt/c/ProgramData/chocolatey/bin:/mnt/c/Program Files/Amazon/AWSCLI/:/mnt/c/Program Files/Git/cmd:/mnt/c/Program Files/Git/mingw64/bin:/mnt/c/Program Files/Git/usr/bin:/mnt/c/Program Files/OpenSSH-Win64:/mnt/c/Program Files/Microsoft VS Code/bin:/mnt/c/Program Files/nodejs/:/mnt/c/Program Files/Microsoft SQL Server/110/Tools/Binn/:/mnt/c/Users/speed/AppData/Local/Microsoft/WindowsApps:/mnt/c/Program Files/Microsoft VS Code/bin:/mnt/c/Users/speed/AppData/Local/Programs/Microsoft VS Code/bin:/mnt/c/Users/speed/AppData/Roaming/npm:/mnt/c/Python36:/snap/bin
10 verbose lifecycle todoit@0.1.0~start: CWD: /mnt/n/Proj/To_Do_List/todoit
11 silly lifecycle todoit@0.1.0~start: Args: [ '-c', 'react-scripts start' ]
12 silly lifecycle todoit@0.1.0~start: Returned: code: 1  signal: null
13 info lifecycle todoit@0.1.0~start: Failed to exec start script
14 verbose stack Error: todoit@0.1.0 start: `react-scripts start`
14 verbose stack Exit status 1
14 verbose stack     at EventEmitter.<anonymous> (/usr/share/npm/lib/utils/lifecycle.js:232:16)
14 verbose stack     at emitTwo (events.js:87:13)
14 verbose stack     at EventEmitter.emit (events.js:172:7)
14 verbose stack     at ChildProcess.<anonymous> (/usr/share/npm/lib/utils/spawn.js:24:14)
14 verbose stack     at emitTwo (events.js:87:13)
14 verbose stack     at ChildProcess.emit (events.js:172:7)
14 verbose stack     at maybeClose (internal/child_process.js:821:16)
14 verbose stack     at Process.ChildProcess._handle.onexit (internal/child_process.js:211:5)
15 verbose pkgid todoit@0.1.0
16 verbose cwd /mnt/n/Proj/To_Do_List/todoit
17 error Linux 4.4.0-18362-Microsoft
18 error argv "/usr/bin/nodejs" "/usr/bin/npm" "start"
19 error node v4.2.6
20 error npm  v3.5.2
21 error code ELIFECYCLE
22 error todoit@0.1.0 start: `react-scripts start`
22 error Exit status 1
23 error Failed at the todoit@0.1.0 start script 'react-scripts start'.
23 error Make sure you have the latest version of node.js and npm installed.
23 error If you do, this is most likely a problem with the todoit package,
23 error not with npm itself.
23 error Tell the author that this fails on your system:
23 error     react-scripts start
23 error You can get information on how to open an issue for this project with:
23 error     npm bugs todoit
23 error Or if that isn't available, you can get their info via:
23 error     npm owner ls todoit
23 error There is likely additional logging output above.
24 verbose exit [ 1, true ]
